mode: set
github.com/youstinus/tesonet-webapi-task/server/main.go:13.13,24.16 6 0
github.com/youstinus/tesonet-webapi-task/server/main.go:24.16,26.3 1 0
github.com/youstinus/tesonet-webapi-task/server/main.go:31.58,34.2 2 1
github.com/youstinus/tesonet-webapi-task/server/main.go:42.56,45.16 3 1
github.com/youstinus/tesonet-webapi-task/server/main.go:49.2,51.109 2 1
github.com/youstinus/tesonet-webapi-task/server/main.go:55.2,57.23 2 1
github.com/youstinus/tesonet-webapi-task/server/main.go:45.16,48.3 2 1
github.com/youstinus/tesonet-webapi-task/server/main.go:51.109,54.3 2 1
github.com/youstinus/tesonet-webapi-task/server/main.go:64.44,65.6 1 1
github.com/youstinus/tesonet-webapi-task/server/main.go:65.6,67.17 2 1
github.com/youstinus/tesonet-webapi-task/server/main.go:71.3,71.37 1 1
github.com/youstinus/tesonet-webapi-task/server/main.go:76.3,77.20 2 1
github.com/youstinus/tesonet-webapi-task/server/main.go:67.17,70.4 2 0
github.com/youstinus/tesonet-webapi-task/server/main.go:71.37,74.4 2 1
github.com/youstinus/tesonet-webapi-task/server/main.go:77.20,81.4 3 1
github.com/youstinus/tesonet-webapi-task/server/main.go:86.46,88.2 1 1
github.com/youstinus/tesonet-webapi-task/server/main.go:92.46,93.24 1 1
github.com/youstinus/tesonet-webapi-task/server/main.go:98.2,98.14 1 1
github.com/youstinus/tesonet-webapi-task/server/main.go:93.24,94.15 1 1
github.com/youstinus/tesonet-webapi-task/server/main.go:94.15,96.4 1 1
